<html>
<head>
<title>TestNG:  Regression suite 1</title>
<link href="../testng.css" rel="stylesheet" type="text/css" />
<link href="../my-testng.css" rel="stylesheet" type="text/css" />

<style type="text/css">
.log { display: none;} 
.stack-trace { display: none;} 
</style>
<script type="text/javascript">
<!--
function flip(e) {
  current = e.style.display;
  if (current == 'block') {
    e.style.display = 'none';
    return 0;
  }
  else {
    e.style.display = 'block';
    return 1;
  }
}

function toggleBox(szDivId, elem, msg1, msg2)
{
  var res = -1;  if (document.getElementById) {
    res = flip(document.getElementById(szDivId));
  }
  else if (document.all) {
    // this is the way old msie versions work
    res = flip(document.all[szDivId]);
  }
  if(elem) {
    if(res == 0) elem.innerHTML = msg1; else elem.innerHTML = msg2;
  }

}

function toggleAllBoxes() {
  if (document.getElementsByTagName) {
    d = document.getElementsByTagName('div');
    for (i = 0; i < d.length; i++) {
      if (d[i].className == 'log') {
        flip(d[i]);
      }
    }
  }
}

// -->
</script>

</head>
<body>
<h2 align='center'>Regression suite 1</h2><table border='1' align="center">
<tr>
<td>Tests passed/Failed/Skipped:</td><td>9/1/0</td>
</tr><tr>
<td>Started on:</td><td>Wed Sep 28 11:41:56 EDT 2016</td>
</tr>
<tr><td>Total time:</td><td>17 seconds (17361 ms)</td>
</tr><tr>
<td>Included groups:</td><td></td>
</tr><tr>
<td>Excluded groups:</td><td></td>
</tr>
</table><p/>
<small><i>(Hover the method name to see the test class name)</i></small><p/>
<table width='100%' border='1' class='invocation-failed'>
<tr><td colspan='4' align='center'><b>FAILED TESTS</b></td></tr>
<tr><td><b>Test method</b></td>
<td width="30%"><b>Exception</b></td>
<td width="10%"><b>Time (seconds)</b></td>
<td><b>Instance</b></td>
</tr>
<tr>
<td title='com.guru.test.ExceptionExample.testCaseEnabling()'><b>testCaseEnabling</b><br>Test class: com.guru.test.ExceptionExample</td>
<td><div><pre>java.lang.AssertionError: failed!!!!! expected [test1] but found [test]
	at com.guru.test.ExceptionExample.testCaseEnabling(ExceptionExample.java:12)
... Removed 28 stack frames</pre></div><a href='#' onClick='toggleBox("stack-trace1455695758", this, "Click to show all stack frames", "Click to hide stack frames")'>Click to show all stack frames</a>
<div class='stack-trace' id='stack-trace1455695758'><pre>java.lang.AssertionError: failed!!!!! expected [test1] but found [test]
	at org.testng.Assert.fail(Assert.java:94)
	at org.testng.Assert.failNotEquals(Assert.java:494)
	at org.testng.Assert.assertEquals(Assert.java:123)
	at org.testng.Assert.assertEquals(Assert.java:176)
	at com.guru.test.ExceptionExample.testCaseEnabling(ExceptionExample.java:12)
	at sun.reflect.NativeMethodAccessorImpl.invoke0(Native Method)
	at sun.reflect.NativeMethodAccessorImpl.invoke(Unknown Source)
	at sun.reflect.DelegatingMethodAccessorImpl.invoke(Unknown Source)
	at java.lang.reflect.Method.invoke(Unknown Source)
	at org.testng.internal.MethodInvocationHelper.invokeMethod(MethodInvocationHelper.java:80)
	at org.testng.internal.Invoker.invokeMethod(Invoker.java:714)
	at org.testng.internal.Invoker.invokeTestMethod(Invoker.java:901)
	at org.testng.internal.Invoker.invokeTestMethods(Invoker.java:1231)
	at org.testng.internal.TestMethodWorker.invokeTestMethods(TestMethodWorker.java:127)
	at org.testng.internal.TestMethodWorker.run(TestMethodWorker.java:111)
	at org.testng.TestRunner.privateRun(TestRunner.java:767)
	at org.testng.TestRunner.run(TestRunner.java:617)
	at org.testng.SuiteRunner.runTest(SuiteRunner.java:334)
	at org.testng.SuiteRunner.runSequentially(SuiteRunner.java:329)
	at org.testng.SuiteRunner.privateRun(SuiteRunner.java:291)
	at org.testng.SuiteRunner.run(SuiteRunner.java:240)
	at org.testng.SuiteRunnerWorker.runSuite(SuiteRunnerWorker.java:52)
	at org.testng.SuiteRunnerWorker.run(SuiteRunnerWorker.java:86)
	at org.testng.TestNG.runSuitesSequentially(TestNG.java:1198)
	at org.testng.TestNG.runSuitesLocally(TestNG.java:1123)
	at org.testng.TestNG.run(TestNG.java:1031)
	at org.testng.remote.AbstractRemoteTestNG.run(AbstractRemoteTestNG.java:126)
	at org.testng.remote.RemoteTestNG.initAndRun(RemoteTestNG.java:152)
	at org.testng.remote.RemoteTestNG.main(RemoteTestNG.java:57)
</pre></div></td>
<td>0</td>
<td>com.guru.test.ExceptionExample@32709393</td></tr>
</table><p>
<table width='100%' border='1' class='invocation-passed'>
<tr><td colspan='4' align='center'><b>PASSED TESTS</b></td></tr>
<tr><td><b>Test method</b></td>
<td width="30%"><b>Exception</b></td>
<td width="10%"><b>Time (seconds)</b></td>
<td><b>Instance</b></td>
</tr>
<tr>
<td title='com.guru.test.DataProviderExample.setData()'><b>setData</b><br>Test class: com.guru.test.DataProviderExample<br>Parameters: sampleuser1, abcdef</td>
<td></td>
<td>0</td>
<td>com.guru.test.DataProviderExample@5a8806ef</td></tr>
<tr>
<td title='com.guru.test.DataProviderExample.setData()'><b>setData</b><br>Test class: com.guru.test.DataProviderExample<br>Parameters: testuser2, zxcvb</td>
<td></td>
<td>0</td>
<td>com.guru.test.DataProviderExample@5a8806ef</td></tr>
<tr>
<td title='com.guru.test.DataProviderExample.setData()'><b>setData</b><br>Test class: com.guru.test.DataProviderExample<br>Parameters: guestuser3, pass123</td>
<td></td>
<td>0</td>
<td>com.guru.test.DataProviderExample@5a8806ef</td></tr>
<tr>
<td title='com.guru.test.TestNFExample.testCase01()'><b>testCase01</b><br>Test class: com.guru.test.TestNFExample</td>
<td></td>
<td>0</td>
<td>com.guru.test.TestNFExample@72b6cbcc</td></tr>
<tr>
<td title='com.guru.test.TestNFExample.testCase02()'><b>testCase02</b><br>Test class: com.guru.test.TestNFExample</td>
<td></td>
<td>0</td>
<td>com.guru.test.TestNFExample@72b6cbcc</td></tr>
<tr>
<td title='com.guru.test.TestNFExample.testCase03()'><b>testCase03</b><br>Test class: com.guru.test.TestNFExample</td>
<td></td>
<td>0</td>
<td>com.guru.test.TestNFExample@72b6cbcc</td></tr>
<tr>
<td title='com.guru.test.ParameterDataproviderWithClassLevel.testMethod()'><b>testMethod</b><br>Test class: com.guru.test.ParameterDataproviderWithClassLevel<br>Parameters: Guru99, India</td>
<td></td>
<td>3</td>
<td>com.guru.test.ParameterDataproviderWithClassLevel@9660f4e</td></tr>
<tr>
<td title='com.guru.test.ParameterDataproviderWithClassLevel.testMethod()'><b>testMethod</b><br>Test class: com.guru.test.ParameterDataproviderWithClassLevel<br>Parameters: Krishna, UK</td>
<td></td>
<td>3</td>
<td>com.guru.test.ParameterDataproviderWithClassLevel@9660f4e</td></tr>
<tr>
<td title='com.guru.test.ParameterDataproviderWithClassLevel.testMethod()'><b>testMethod</b><br>Test class: com.guru.test.ParameterDataproviderWithClassLevel<br>Parameters: Bhupesh, USA</td>
<td></td>
<td>3</td>
<td>com.guru.test.ParameterDataproviderWithClassLevel@9660f4e</td></tr>
</table><p>
</body>
</html>